Arguments: 
  /usr/bin/node /usr/share/yarn/bin/yarn.js

PATH: 
  /home/duarte/.zinit/polaris/sbin:/home/duarte/.zinit/polaris/bin:/home/duarte/.zinit/polaris/usr/sbin:/home/duarte/.zinit/polaris/usr/bin:/usr/local/sbin:/usr/local/bin:/usr/sbin:/usr/bin:/sbin:/bin:/usr/games:/usr/local/games:/snap/bin

Yarn version: 
  1.22.4

Node version: 
  10.19.0

Platform: 
  linux x64

Trace: 
  SyntaxError: /home/duarte/reactDesafio/gostack-template-conceitos-reactjs/package.json: Unexpected token } in JSON at position 503
      at JSON.parse (<anonymous>)
      at /usr/share/yarn/lib/cli.js:1625:59
      at Generator.next (<anonymous>)
      at step (/usr/share/yarn/lib/cli.js:310:30)
      at /usr/share/yarn/lib/cli.js:321:13

npm manifest: 
  {
    "name": "frontend",
    "version": "0.1.0",
    "private": true,
    "dependencies": {
      "@babel/plugin-transform-runtime": "^7.10.3",
      "@babel/preset-env": "^7.10.3",
      "@babel/preset-react": "^7.10.1",
      "axios": "^0.19.2",
      "axios-mock-adapter": "^1.18.1",
      "babel-loader": "^8.1.0",
      "css-loader": "^3.6.0",
      "file-loader": "^6.0.0",
      "react": "^16.13.1",
      "react-dom": "^16.13.1",
      "react-scripts": "3.4.1",
      "style-loader": "^1.2.1",
      "webpack-cli": "^3.3.12",
    },
    "scripts": {
      "start": "react-scripts start",
      "build": "react-scripts build",
      "test": "react-scripts test --watchAll=false",
      "eject": "react-scripts eject",
      "dev": "webpack-dev-server --mode development"
    },
    "browserslist": {
      "production": [
        ">0.2%",
        "not dead",
        "not op_mini all"
      ],
      "development": [
        "last 1 chrome version",
        "last 1 firefox version",
        "last 1 safari version"
      ]
    },
    "devDependencies": {
      "@testing-library/jest-dom": "^5.3.0",
      "@testing-library/react": "^10.0.2",
      "@testing-library/user-event": "^7.1.2"
    }
  }

yarn manifest: 
  No manifest

Lockfile: 
  No lockfile
